<?xml version="1.0" encoding="UTF-8"?>
<!-- Generated by org.testng.reporters.JUnitReportReporter -->
<testsuite hostname="LAPTOP-N7SUQ0JM" failures="0" tests="2" name="testng.program2" time="0.014" errors="0" timestamp="2022-11-18T11:02:10 IST" skipped="0">
  <testcase classname="testng.program2" name="operation" time="0.002"/>
  <system-out/>
  <testcase classname="testng.program2" name="close" time="0.012"/>
  <system-out/>
</testsuite> <!-- testng.program2 -->
