<?xml version="1.0" encoding="UTF-8"?>
<!-- Generated by org.testng.reporters.JUnitReportReporter -->
<testsuite hostname="LAPTOP-N7SUQ0JM" failures="0" tests="2" name="testng.class2" time="0.003" errors="0" timestamp="8 Nov 2022 05:52:58 GMT">
  <testcase classname="testng.class2" name="perform" time="0.002"/>
  <testcase classname="testng.class2" name="process" time="0.001"/>
</testsuite> <!-- testng.class2 -->
