<?xml version="1.0" encoding="UTF-8"?>
<!-- Generated by org.testng.reporters.JUnitReportReporter -->
<testsuite hostname="LAPTOP-N7SUQ0JM" failures="0" tests="2" name="testng.class3" time="0.002" errors="0" timestamp="8 Nov 2022 05:52:58 GMT">
  <testcase classname="testng.class3" name="feedbackprocess" time="0.001"/>
  <testcase classname="testng.class3" name="close" time="0.001"/>
</testsuite> <!-- testng.class3 -->
