<?xml version="1.0" encoding="UTF-8"?>
<!-- Generated by org.testng.reporters.JUnitReportReporter -->
<testsuite hostname="LAPTOP-N7SUQ0JM" failures="0" tests="3" name="testng.class1" time="0.011" errors="0" timestamp="8 Nov 2022 05:52:58 GMT">
  <testcase classname="testng.class1" name="productdetails" time="0.001"/>
  <testcase classname="testng.class1" name="customerdetails" time="0.010"/>
  <testcase classname="testng.class1" name="login" time="0.000"/>
</testsuite> <!-- testng.class1 -->
