<?xml version="1.0" encoding="UTF-8"?>
<!-- Generated by org.testng.reporters.JUnitReportReporter -->
<testsuite hostname="LAPTOP-N7SUQ0JM" failures="0" tests="7" name="testng.NewTest1" time="0.020" errors="0" timestamp="8 Nov 2022 04:14:27 GMT">
  <testcase classname="testng.NewTest1" name="opening_browser" time="0.002"/>
  <testcase classname="testng.NewTest1" name="feedbackprocess" time="0.001"/>
  <testcase classname="testng.NewTest1" name="paymeny_details" time="0.001"/>
  <testcase classname="testng.NewTest1" name="logoff" time="0.013"/>
  <testcase classname="testng.NewTest1" name="product_details" time="0.001"/>
  <testcase classname="testng.NewTest1" name="deliveryprocess" time="0.001"/>
  <testcase classname="testng.NewTest1" name="customer_details" time="0.001"/>
</testsuite> <!-- testng.NewTest1 -->
